\BOOKMARK [0][-]{chapter*.3}{Kurzfassung}{}% 1
\BOOKMARK [0][-]{chapter*.5}{Abstract}{}% 2
\BOOKMARK [0][-]{section*.7}{Contents}{}% 3
\BOOKMARK [0][-]{chapter.1}{Introduction}{}% 4
\BOOKMARK [1][-]{section.1.1}{Motivating Scenario}{chapter.1}% 5
\BOOKMARK [1][-]{section.1.2}{Problem Statement}{chapter.1}% 6
\BOOKMARK [1][-]{section.1.3}{Aim of the work}{chapter.1}% 7
\BOOKMARK [1][-]{section.1.4}{Methodological Approach}{chapter.1}% 8
\BOOKMARK [1][-]{section.1.5}{Structure of the work}{chapter.1}% 9
\BOOKMARK [0][-]{chapter.2}{State of the Art}{}% 10
\BOOKMARK [1][-]{section.2.1}{General Definition of Usability}{chapter.2}% 11
\BOOKMARK [1][-]{section.2.2}{User Classification}{chapter.2}% 12
\BOOKMARK [1][-]{section.2.3}{Paper Prototyping}{chapter.2}% 13
\BOOKMARK [1][-]{section.2.4}{Focus Groups}{chapter.2}% 14
\BOOKMARK [1][-]{section.2.5}{Existing Approaches of energy-saving Applications}{chapter.2}% 15
\BOOKMARK [0][-]{chapter.3}{Methodology}{}% 16
\BOOKMARK [1][-]{section.3.1}{Survey for User Segmentation}{chapter.3}% 17
\BOOKMARK [1][-]{section.3.2}{Elicitation of Requirements with Paper Prototyping}{chapter.3}% 18
\BOOKMARK [1][-]{section.3.3}{Creating a Catalogue of Design Guidelines}{chapter.3}% 19
\BOOKMARK [0][-]{chapter.4}{Questionnaire for user segmentation}{}% 20
\BOOKMARK [0][-]{chapter.5}{Design and evaluation of the Paper Prototype}{}% 21
\BOOKMARK [1][-]{section.5.1}{Design of Paper Prototype}{chapter.5}% 22
\BOOKMARK [1][-]{section.5.2}{Menu navigation}{chapter.5}% 23
\BOOKMARK [1][-]{section.5.3}{Measurements}{chapter.5}% 24
\BOOKMARK [1][-]{section.5.4}{Latest topics}{chapter.5}% 25
\BOOKMARK [1][-]{section.5.5}{Statistics}{chapter.5}% 26
\BOOKMARK [1][-]{section.5.6}{Equipment control}{chapter.5}% 27
\BOOKMARK [1][-]{section.5.7}{Comparison of Savings}{chapter.5}% 28
\BOOKMARK [1][-]{section.5.8}{Energy-Saving Tips}{chapter.5}% 29
\BOOKMARK [1][-]{section.5.9}{Gamification approach}{chapter.5}% 30
\BOOKMARK [1][-]{section.5.10}{Trouble Shooting}{chapter.5}% 31
\BOOKMARK [1][-]{section.5.11}{Communication}{chapter.5}% 32
\BOOKMARK [1][-]{section.5.12}{Recommendations for improving the ASCR App}{chapter.5}% 33
\BOOKMARK [0][-]{chapter.6}{Critical reflection}{}% 34
\BOOKMARK [1][-]{section.6.1}{Comparison with related work}{chapter.6}% 35
\BOOKMARK [0][-]{chapter.7}{Summary}{}% 36
\BOOKMARK [1][-]{section.7.1}{Future work}{chapter.7}% 37
\BOOKMARK [0][-]{section*.39}{List of Figures}{}% 38
\BOOKMARK [0][-]{section*.40}{List of Tables}{}% 39
\BOOKMARK [0][-]{section*.42}{Bibliography}{}% 40
\BOOKMARK [0][-]{chapter*.43}{Appendix A}{}% 41
